SF:lib\src\testing\testing.dart
DA:36,3
DA:37,1
DA:38,1
DA:39,1
DA:40,1
DA:41,1
DA:42,1
DA:43,1
DA:44,1
DA:45,1
DA:46,1
DA:47,1
DA:54,1
DA:57,1
DA:58,2
DA:59,1
DA:60,1
DA:63,2
DA:64,1
LF:19
LH:19
end_of_record
SF:lib\src\boringssl\bindings\generated_bindings.dart
DA:31,1
DA:32,1
DA:35,0
DA:42,1
DA:45,2
DA:50,1
DA:51,2
DA:53,2
LF:8
LH:7
end_of_record
SF:lib\src\boringssl\lookup\lookup.dart
DA:30,3
DA:33,2
DA:34,0
DA:35,1
DA:36,1
DA:38,0
DA:40,0
DA:41,0
DA:45,0
DA:55,0
DA:56,0
DA:59,0
DA:60,0
DA:63,1
DA:64,1
DA:69,0
DA:75,1
DA:78,3
DA:81,4
DA:89,0
DA:98,0
LF:21
LH:9
end_of_record
SF:lib\src\third_party\boringssl\generated_bindings.dart
DA:71,0
DA:72,0
DA:75,1
DA:82,0
DA:87,0
DA:106,1
DA:111,2
DA:118,2
DA:121,1
DA:122,2
DA:130,1
DA:135,2
DA:142,2
DA:145,1
DA:146,2
DA:151,0
DA:155,0
DA:170,1
DA:173,2
DA:178,1
DA:179,2
DA:181,1
DA:182,1
DA:186,0
DA:191,0
DA:206,1
DA:207,2
DA:210,1
DA:211,2
DA:212,2
DA:216,1
DA:219,2
DA:224,2
DA:225,1
DA:227,1
DA:228,1
DA:232,1
DA:236,2
DA:242,2
DA:243,1
DA:245,1
DA:246,1
DA:250,0
DA:255,0
DA:271,0
DA:272,0
DA:283,0
DA:284,0
DA:299,1
DA:302,2
DA:307,1
DA:308,2
DA:310,1
DA:311,1
DA:318,1
DA:321,2
DA:326,2
DA:328,1
DA:329,2
DA:337,1
DA:340,2
DA:345,1
DA:346,2
DA:348,1
DA:349,1
DA:354,1
DA:358,2
DA:364,1
DA:365,2
DA:367,1
DA:368,1
DA:375,1
DA:378,2
DA:383,1
DA:384,2
DA:386,1
DA:387,1
DA:393,1
DA:396,2
DA:401,1
DA:402,2
DA:404,1
DA:405,1
DA:409,1
DA:414,2
DA:421,2
DA:424,1
DA:425,2
DA:433,1
DA:438,2
DA:445,2
DA:448,1
DA:449,2
DA:458,1
DA:472,2
DA:481,2
DA:494,1
DA:496,2
DA:511,1
DA:514,2
DA:519,1
DA:520,2
DA:522,1
DA:523,1
DA:527,1
DA:532,2
DA:539,2
DA:544,1
DA:545,2
DA:551,1
DA:555,2
DA:561,2
DA:564,1
DA:565,2
DA:569,1
DA:570,2
DA:573,1
DA:574,2
DA:576,1
DA:577,1
DA:581,1
DA:584,2
DA:589,2
DA:591,1
DA:593,2
DA:597,0
DA:600,0
DA:613,1
DA:616,2
DA:621,2
DA:623,1
DA:625,2
DA:629,1
DA:632,2
DA:637,1
DA:638,2
DA:640,2
DA:645,1
DA:648,2
DA:653,2
DA:654,1
DA:656,1
DA:657,1
DA:670,0
DA:673,0
DA:688,1
DA:691,2
DA:696,1
DA:697,2
DA:699,1
DA:700,1
DA:703,1
DA:706,2
DA:711,1
DA:712,2
DA:714,1
DA:715,1
DA:720,1
DA:723,2
DA:728,1
DA:729,2
DA:731,1
DA:732,1
DA:735,1
DA:738,2
DA:743,2
DA:745,1
DA:747,2
DA:751,1
DA:754,2
DA:759,2
DA:761,1
DA:763,2
DA:768,1
DA:771,2
DA:776,2
DA:778,1
DA:780,2
DA:785,1
DA:788,2
DA:793,2
DA:794,1
DA:796,1
DA:797,1
DA:801,1
DA:804,2
DA:809,1
DA:810,2
DA:812,2
DA:817,1
DA:821,2
DA:827,2
DA:830,1
DA:831,2
DA:837,1
DA:841,2
DA:847,2
DA:850,1
DA:851,2
DA:858,1
DA:862,2
DA:868,2
DA:871,1
DA:872,2
DA:878,1
DA:883,2
DA:890,2
DA:893,1
DA:895,1
DA:896,1
DA:901,1
DA:904,2
DA:909,1
DA:910,2
DA:912,1
DA:913,1
DA:921,1
DA:928,2
DA:937,2
DA:944,1
DA:945,1
DA:946,1
DA:952,1
DA:955,2
DA:960,2
DA:963,1
DA:964,2
DA:971,1
DA:978,2
DA:987,2
DA:994,1
DA:995,2
DA:1001,1
DA:1008,2
DA:1017,2
DA:1024,1
DA:1025,2
DA:1030,1
DA:1031,2
DA:1034,1
DA:1035,2
DA:1036,1
DA:1037,1
DA:1050,1
DA:1055,2
DA:1062,2
DA:1065,1
DA:1066,2
DA:1072,1
DA:1073,2
DA:1076,1
DA:1077,2
DA:1078,2
DA:1082,1
DA:1083,2
DA:1086,1
DA:1087,2
DA:1088,2
DA:1092,1
DA:1095,2
DA:1100,1
DA:1101,2
DA:1103,2
DA:1108,1
DA:1114,2
DA:1122,2
DA:1125,1
DA:1126,2
DA:1149,1
DA:1161,2
DA:1175,2
DA:1187,1
DA:1188,2
DA:1221,1
DA:1233,2
DA:1247,2
DA:1259,1
DA:1260,2
DA:1275,0
DA:1278,0
DA:1291,1
DA:1294,2
DA:1299,1
DA:1300,2
DA:1302,2
DA:1308,0
DA:1311,0
DA:1324,0
DA:1327,0
DA:1340,1
DA:1343,2
DA:1348,2
DA:1349,1
DA:1351,2
DA:1356,1
DA:1357,2
DA:1360,1
DA:1361,2
DA:1363,2
DA:1368,0
DA:1371,0
DA:1385,1
DA:1388,2
DA:1393,2
DA:1395,1
DA:1397,2
DA:1402,1
DA:1407,2
DA:1414,2
DA:1417,1
DA:1418,2
DA:1429,1
DA:1437,2
DA:1447,2
DA:1455,1
DA:1456,2
DA:1467,1
DA:1474,2
DA:1483,2
DA:1490,1
DA:1491,2
DA:1497,1
DA:1502,2
DA:1509,2
DA:1512,1
DA:1513,2
DA:1519,1
DA:1523,2
DA:1529,2
DA:1532,1
DA:1533,2
DA:1548,1
DA:1553,2
DA:1560,2
DA:1563,1
DA:1564,2
DA:1582,1
DA:1589,2
DA:1598,2
DA:1605,1
DA:1606,2
DA:1620,1
DA:1625,2
DA:1632,2
DA:1635,1
DA:1636,2
DA:1641,1
DA:1646,2
DA:1653,2
DA:1656,1
DA:1657,2
DA:1667,1
DA:1672,2
DA:1679,2
DA:1682,1
DA:1683,2
DA:1700,1
DA:1707,2
DA:1716,2
DA:1723,1
DA:1724,2
DA:1738,1
DA:1743,2
DA:1750,2
DA:1753,1
DA:1754,2
DA:1758,1
DA:1761,2
DA:1766,1
DA:1767,2
DA:1769,1
DA:1770,1
DA:1775,1
DA:1776,2
DA:1779,1
DA:1780,2
DA:1782,1
DA:1783,1
DA:1787,1
DA:1790,2
DA:1795,1
DA:1796,2
DA:1798,1
DA:1799,1
DA:1802,0
DA:1805,0
DA:1817,1
DA:1820,2
DA:1825,1
DA:1826,2
DA:1828,2
DA:1833,1
DA:1837,2
DA:1843,2
DA:1846,1
DA:1847,2
DA:1856,1
DA:1861,2
DA:1868,2
DA:1871,1
DA:1872,1
DA:1873,1
DA:1883,1
DA:1887,2
DA:1893,2
DA:1896,1
DA:1897,1
DA:1898,1
DA:1906,1
DA:1910,2
DA:1916,2
DA:1919,1
DA:1920,1
DA:1921,1
DA:1927,1
DA:1931,2
DA:1937,2
DA:1940,1
DA:1941,2
DA:1955,1
DA:1959,2
DA:1965,2
DA:1968,1
DA:1969,1
DA:1970,1
DA:1983,1
DA:1990,2
DA:1999,2
DA:2006,1
DA:2007,2
DA:2015,1
DA:2018,2
DA:2023,1
DA:2024,2
DA:2026,2
DA:2039,1
DA:2046,2
DA:2055,2
DA:2062,1
DA:2063,2
DA:2071,1
DA:2074,2
DA:2079,1
DA:2080,2
DA:2082,2
DA:2087,0
DA:2090,0
DA:2095,1
DA:2096,2
DA:2101,1
DA:2104,2
DA:2109,2
DA:2111,1
DA:2113,2
DA:2116,1
DA:2119,2
DA:2124,2
DA:2125,1
DA:2127,2
DA:2132,1
DA:2135,2
DA:2140,1
DA:2141,2
DA:2143,1
DA:2144,1
DA:2148,1
DA:2149,2
DA:2152,1
DA:2153,2
DA:2155,1
DA:2156,1
DA:2158,1
DA:2162,2
DA:2168,2
DA:2171,1
DA:2172,2
DA:2189,1
DA:2193,2
DA:2199,2
DA:2202,1
DA:2203,2
DA:2209,0
DA:2213,0
DA:2232,1
DA:2233,2
DA:2236,1
DA:2237,2
DA:2239,1
DA:2240,1
DA:2249,1
DA:2250,2
DA:2253,1
DA:2254,2
DA:2256,1
DA:2257,1
DA:2259,1
DA:2260,2
DA:2263,1
DA:2264,2
DA:2266,1
DA:2267,1
DA:2269,1
DA:2270,2
DA:2273,1
DA:2274,2
DA:2276,1
DA:2277,1
DA:2279,1
DA:2280,2
DA:2283,1
DA:2284,2
DA:2286,1
DA:2287,1
DA:2289,1
DA:2290,2
DA:2293,1
DA:2294,2
DA:2296,1
DA:2297,1
DA:2302,1
DA:2306,2
DA:2312,2
DA:2315,1
DA:2316,2
DA:2322,1
DA:2326,2
DA:2332,2
DA:2335,1
DA:2336,2
DA:2352,1
DA:2355,2
DA:2360,2
DA:2361,1
DA:2363,2
DA:2374,1
DA:2377,2
DA:2382,2
DA:2383,1
DA:2385,2
DA:2388,1
DA:2389,2
DA:2392,1
DA:2393,2
DA:2394,1
DA:2395,1
DA:2397,1
DA:2398,2
DA:2401,1
DA:2402,2
DA:2403,1
DA:2404,1
DA:2406,1
DA:2407,2
DA:2410,1
DA:2411,2
DA:2412,1
DA:2413,1
DA:2415,1
DA:2416,2
DA:2419,1
DA:2420,2
DA:2421,1
DA:2422,1
DA:2431,1
DA:2442,2
DA:2455,2
DA:2466,1
DA:2467,2
DA:2480,1
DA:2483,2
DA:2488,1
DA:2489,2
DA:2491,1
DA:2492,1
DA:2497,1
DA:2498,2
DA:2501,1
DA:2502,2
DA:2504,1
DA:2505,1
DA:2512,1
DA:2517,2
DA:2524,2
DA:2527,1
DA:2528,2
DA:2541,1
DA:2548,2
DA:2557,2
DA:2564,1
DA:2565,2
DA:2571,1
DA:2576,2
DA:2583,2
DA:2586,1
DA:2587,2
DA:2592,1
DA:2595,2
DA:2600,1
DA:2601,2
DA:2603,1
DA:2604,1
DA:2608,1
DA:2611,2
DA:2616,1
DA:2617,2
DA:2619,1
DA:2620,1
DA:2623,1
DA:2626,2
DA:2631,1
DA:2632,2
DA:2634,1
DA:2635,1
DA:2639,0
DA:2643,0
DA:2659,1
DA:2669,2
DA:2681,2
DA:2691,1
DA:2692,2
DA:2697,1
DA:2701,2
DA:2707,2
DA:2709,1
DA:2710,1
DA:2711,1
DA:2715,1
DA:2718,2
DA:2723,1
DA:2724,2
DA:2726,2
DA:2732,1
DA:2735,2
DA:2740,1
DA:2741,2
DA:2743,1
DA:2744,1
DA:2748,1
DA:2751,2
DA:2756,1
DA:2757,2
DA:2759,1
DA:2760,1
DA:2770,1
DA:2776,2
DA:2784,2
DA:2787,1
DA:2788,2
DA:2796,1
DA:2802,2
DA:2810,2
DA:2816,1
DA:2817,2
DA:2826,1
DA:2831,2
DA:2838,2
DA:2841,1
DA:2842,2
DA:2849,1
DA:2855,2
DA:2863,2
DA:2869,1
DA:2870,2
DA:2878,1
DA:2879,2
DA:2882,1
DA:2883,2
DA:2884,2
DA:2894,1
DA:2900,2
DA:2908,2
DA:2914,1
DA:2915,2
DA:2927,1
DA:2932,2
DA:2939,2
DA:2942,1
DA:2943,2
DA:2956,1
DA:2962,2
DA:2970,2
DA:2973,1
DA:2974,2
DA:2978,2
DA:2983,1
DA:2984,1
DA:2985,2
LF:687
LH:653
end_of_record
SF:lib\src\boringssl\lookup\symbols.generated.dart
DA:304,0
DA:305,0
DA:309,3
LF:3
LH:1
end_of_record
SF:lib\src\boringssl\lookup\utils.dart
DA:24,1
DA:26,1
DA:29,0
DA:32,0
DA:35,0
DA:36,0
DA:44,1
DA:46,1
DA:51,1
DA:52,3
DA:54,1
DA:55,2
DA:58,1
DA:59,1
DA:62,1
DA:63,4
DA:71,1
DA:77,2
DA:81,2
DA:82,1
DA:83,1
DA:85,0
DA:89,0
DA:93,0
DA:94,0
DA:95,0
DA:97,0
LF:27
LH:17
end_of_record
SF:lib\src\impl_ffi\impl_ffi.hkdf.dart
DA:19,1
DA:20,2
DA:25,1
DA:27,0
DA:32,1
DA:39,1
DA:40,0
DA:42,2
DA:46,2
DA:47,0
DA:50,1
DA:52,2
DA:54,2
DA:58,2
DA:59,2
DA:60,1
DA:61,1
DA:62,1
DA:63,1
DA:65,1
DA:66,0
DA:67,0
DA:68,0
DA:69,0
DA:70,0
DA:74,0
DA:76,1
LF:27
LH:18
end_of_record
SF:lib\src\impl_ffi\impl_ffi.utils.dart
DA:27,2
DA:28,5
DA:33,1
DA:34,2
DA:35,3
DA:36,1
DA:44,1
DA:45,4
DA:51,3
DA:58,4
DA:65,4
DA:72,4
DA:80,1
DA:87,3
DA:100,1
DA:103,1
DA:105,1
DA:113,1
DA:114,2
DA:120,1
DA:123,0
DA:125,0
DA:133,1
DA:134,2
DA:140,1
DA:143,2
DA:144,1
DA:150,2
DA:151,2
DA:153,5
DA:155,1
DA:159,2
DA:164,1
DA:169,1
DA:174,2
DA:175,3
DA:176,1
DA:180,1
DA:182,3
DA:192,1
DA:200,1
DA:201,3
DA:204,1
DA:209,1
DA:210,3
DA:215,1
DA:216,1
DA:217,3
DA:218,1
DA:219,3
DA:224,1
DA:228,1
DA:229,3
DA:230,3
DA:238,1
DA:239,5
DA:240,0
DA:242,5
DA:252,1
DA:253,2
DA:255,4
DA:257,0
DA:259,0
DA:269,0
DA:277,1
DA:278,2
DA:279,1
DA:281,1
DA:283,1
DA:289,1
DA:290,1
DA:292,1
DA:294,1
DA:301,1
DA:302,2
DA:303,1
DA:305,1
DA:307,1
DA:313,6
DA:315,6
DA:317,1
DA:318,5
DA:320,1
DA:322,4
DA:326,1
DA:328,2
DA:329,4
DA:330,4
DA:337,1
DA:338,4
DA:339,2
DA:340,2
DA:341,2
DA:347,3
DA:352,1
DA:360,1
DA:361,1
DA:362,2
DA:364,2
DA:365,3
DA:366,3
DA:367,3
DA:368,1
DA:372,1
DA:378,1
DA:384,2
DA:385,5
DA:387,1
DA:388,4
DA:392,1
DA:396,2
DA:400,3
DA:405,4
DA:408,3
DA:409,1
DA:415,1
DA:422,2
DA:424,5
DA:426,1
DA:427,4
DA:431,1
DA:435,2
DA:439,3
DA:442,2
DA:444,1
DA:445,1
DA:447,1
DA:452,2
DA:454,1
DA:459,1
DA:460,2
DA:461,1
DA:462,4
DA:463,1
DA:468,1
DA:469,2
DA:470,1
DA:471,4
DA:472,1
DA:477,1
DA:478,1
DA:479,2
DA:480,1
DA:482,1
DA:488,1
DA:489,5
DA:495,1
DA:497,1
DA:498,6
DA:501,1
DA:502,0
DA:503,0
DA:504,0
DA:512,1
DA:513,1
DA:514,1
DA:515,2
DA:518,1
LF:158
LH:149
end_of_record
SF:lib\src\impl_ffi\impl_ffi.ecdsa.dart
DA:20,1
DA:21,1
DA:24,0
DA:27,0
DA:32,0
DA:35,1
DA:39,2
DA:41,1
DA:45,2
DA:46,1
DA:50,1
DA:53,1
DA:56,1
DA:57,1
DA:58,2
DA:59,2
DA:63,1
DA:67,2
DA:69,1
DA:73,2
DA:75,1
DA:79,2
DA:80,1
DA:84,1
DA:91,1
DA:95,2
DA:97,3
DA:98,3
DA:100,4
DA:103,3
DA:104,3
DA:105,4
DA:107,6
DA:114,2
DA:117,1
DA:118,1
DA:119,4
DA:122,1
DA:123,4
DA:126,2
DA:136,1
DA:140,2
DA:142,3
DA:143,3
DA:144,4
DA:146,6
DA:150,3
DA:157,5
DA:162,2
DA:164,1
DA:165,1
DA:166,6
DA:169,1
DA:170,6
DA:174,1
DA:175,1
DA:176,2
DA:179,1
DA:186,1
DA:188,0
DA:193,1
DA:195,2
DA:197,1
DA:199,2
DA:200,2
DA:201,2
DA:204,1
DA:206,2
DA:208,1
DA:209,2
DA:215,1
DA:217,0
DA:222,1
DA:224,2
DA:226,1
DA:232,2
DA:235,2
DA:241,2
DA:244,1
DA:246,2
DA:248,1
DA:249,2
DA:251,1
DA:252,2
LF:84
LH:79
end_of_record
SF:lib\src\impl_ffi\impl_ffi.rsapss.dart
DA:19,1
DA:20,1
DA:23,1
DA:26,1
DA:29,1
DA:32,0
DA:33,0
DA:36,1
DA:41,1
DA:42,2
DA:45,1
DA:50,1
DA:51,1
DA:52,1
DA:53,1
DA:56,1
DA:62,1
DA:68,1
DA:69,1
DA:70,1
DA:71,2
DA:72,2
DA:76,1
DA:81,1
DA:82,2
DA:85,1
DA:90,1
DA:91,1
DA:92,1
DA:93,1
DA:96,1
DA:106,1
DA:108,0
DA:113,1
DA:115,2
DA:118,1
DA:120,1
DA:121,0
DA:128,5
DA:129,3
DA:133,3
DA:134,5
DA:138,1
DA:140,1
DA:141,1
DA:144,2
DA:147,1
DA:148,2
DA:155,1
DA:157,0
DA:162,1
DA:168,2
DA:170,1
DA:176,1
DA:177,0
DA:184,5
DA:185,3
DA:189,3
DA:190,5
DA:194,1
DA:196,1
DA:197,1
DA:200,2
DA:203,1
DA:204,2
LF:65
LH:59
end_of_record
SF:lib\src\impl_ffi\impl_ffi.rsaoaep.dart
DA:19,1
DA:20,1
DA:23,1
DA:26,1
DA:29,1
DA:32,0
DA:33,0
DA:36,1
DA:41,1
DA:42,2
DA:45,1
DA:50,1
DA:51,1
DA:52,1
DA:53,1
DA:56,1
DA:62,1
DA:69,1
DA:70,1
DA:71,1
DA:72,2
DA:73,2
DA:77,1
DA:82,1
DA:83,2
DA:86,1
DA:91,1
DA:92,1
DA:93,1
DA:94,1
DA:97,1
DA:108,1
DA:124,2
DA:125,1
DA:126,5
DA:127,2
DA:129,2
DA:130,3
DA:134,3
DA:135,3
DA:138,1
DA:139,1
DA:140,3
DA:143,1
DA:145,1
DA:148,1
DA:151,2
DA:153,1
DA:156,1
DA:159,2
DA:164,1
DA:166,1
DA:174,1
DA:176,0
DA:181,1
DA:183,1
DA:184,1
DA:185,2
DA:186,2
DA:187,2
DA:193,1
DA:195,1
DA:196,1
DA:199,2
DA:202,1
DA:203,2
DA:210,1
DA:212,0
DA:217,1
DA:219,1
DA:220,1
DA:221,2
DA:222,2
DA:223,2
DA:229,1
DA:231,1
DA:232,1
DA:235,2
DA:238,1
DA:239,2
LF:80
LH:76
end_of_record
SF:lib\src\impl_ffi\impl_ffi.pbkdf2.dart
DA:19,1
DA:20,2
DA:26,1
DA:28,0
DA:33,1
DA:40,1
DA:41,0
DA:43,2
DA:47,2
DA:48,0
DA:51,1
DA:52,0
DA:55,1
DA:56,0
DA:60,1
DA:62,2
DA:64,3
DA:65,2
DA:66,2
DA:67,1
DA:68,1
DA:74,1
LF:22
LH:17
end_of_record
SF:lib\src\impl_ffi\impl_ffi.hmac.dart
DA:20,1
DA:21,1
DA:23,0
DA:24,0
DA:25,0
DA:27,0
DA:28,0
DA:35,1
DA:36,1
DA:39,1
DA:42,1
DA:45,1
DA:48,0
DA:49,0
DA:52,1
DA:57,1
DA:58,1
DA:59,1
DA:63,1
DA:68,1
DA:69,1
DA:71,1
DA:72,2
DA:74,3
DA:75,2
DA:76,4
DA:77,1
DA:78,1
DA:79,3
DA:81,1
DA:84,2
DA:86,1
DA:89,0
DA:93,0
DA:94,0
DA:95,0
DA:96,0
DA:98,0
DA:99,0
DA:108,1
DA:110,0
DA:115,1
DA:116,2
DA:118,1
DA:120,2
DA:121,5
DA:122,3
DA:124,2
DA:125,2
DA:126,2
DA:127,1
DA:130,3
DA:132,2
DA:133,2
DA:137,3
DA:138,1
DA:142,1
DA:144,2
DA:146,1
DA:148,1
DA:149,3
DA:152,2
DA:153,2
DA:154,1
DA:155,1
DA:156,1
DA:158,1
DA:162,1
DA:164,1
DA:167,2
DA:168,2
DA:169,1
DA:172,1
DA:174,2
LF:74
LH:59
end_of_record
SF:lib\src\impl_ffi\impl_ffi.rsassapkcs1v15.dart
DA:19,1
DA:20,1
DA:23,1
DA:26,1
DA:29,1
DA:32,0
DA:33,0
DA:36,1
DA:41,1
DA:42,2
DA:45,1
DA:50,1
DA:51,1
DA:52,1
DA:53,1
DA:56,1
DA:62,1
DA:69,1
DA:70,1
DA:71,1
DA:72,2
DA:73,2
DA:77,1
DA:82,1
DA:83,2
DA:86,1
DA:91,1
DA:92,1
DA:93,1
DA:94,1
DA:97,1
DA:107,1
DA:109,0
DA:114,1
DA:115,2
DA:117,1
DA:119,5
DA:120,3
DA:123,1
DA:125,1
DA:126,1
DA:128,2
DA:132,1
DA:133,2
DA:140,1
DA:142,1
DA:144,2
DA:146,1
DA:148,5
DA:149,3
DA:152,1
DA:154,1
DA:155,1
DA:157,2
DA:161,1
DA:162,2
LF:56
LH:53
end_of_record
SF:lib\src\impl_ffi\impl_ffi.ecdh.dart
DA:19,1
DA:23,2
DA:25,1
DA:29,2
DA:30,1
DA:37,0
DA:40,0
DA:41,0
DA:42,0
DA:43,0
DA:47,1
DA:51,2
DA:53,1
DA:57,2
DA:59,1
DA:63,2
DA:64,1
DA:74,1
DA:76,0
DA:81,1
DA:83,1
DA:84,0
DA:90,1
DA:91,0
DA:94,2
DA:95,4
DA:96,3
DA:97,4
DA:99,4
DA:100,3
DA:101,4
DA:104,5
DA:105,4
DA:107,0
DA:118,4
DA:119,3
DA:120,1
DA:121,0
DA:127,1
DA:128,0
DA:131,2
DA:133,2
DA:134,1
DA:136,2
DA:138,1
DA:140,3
DA:141,1
DA:142,1
DA:145,1
DA:148,2
DA:149,2
DA:150,1
DA:151,4
DA:158,1
DA:164,2
DA:166,1
DA:167,2
DA:173,1
DA:175,0
DA:180,1
DA:186,2
DA:188,1
DA:189,2
DA:191,1
DA:192,2
LF:65
LH:53
end_of_record
SF:lib\src\impl_ffi\impl_ffi.digest.dart
DA:18,1
DA:20,1
DA:21,1
DA:24,0
DA:35,1
DA:36,2
DA:37,3
DA:41,0
DA:43,0
DA:45,1
DA:47,2
DA:48,5
DA:50,5
DA:53,3
DA:56,2
DA:57,2
DA:61,5
DA:62,1
DA:68,1
DA:70,1
DA:71,2
DA:75,1
DA:77,1
DA:78,2
DA:82,1
DA:84,1
DA:85,2
DA:89,1
DA:91,1
DA:92,2
LF:30
LH:27
end_of_record
SF:lib\src\impl_ffi\impl_ffi.aesgcm.dart
DA:19,1
DA:20,2
DA:22,1
DA:25,2
DA:30,0
DA:31,0
DA:33,1
DA:41,1
DA:42,4
DA:44,0
DA:46,1
DA:47,1
DA:48,1
DA:49,1
DA:50,1
DA:51,1
DA:52,1
DA:53,0
DA:61,2
DA:62,5
DA:63,2
DA:64,2
DA:65,2
DA:67,1
DA:68,3
DA:70,1
DA:71,1
DA:72,1
DA:74,2
DA:79,4
DA:81,3
DA:86,1
DA:87,1
DA:88,1
DA:89,1
DA:90,1
DA:91,1
DA:93,1
DA:96,1
DA:97,3
DA:101,1
DA:102,1
DA:103,1
DA:104,1
DA:105,1
DA:106,1
DA:107,1
DA:109,1
DA:116,1
DA:118,0
DA:123,1
DA:130,1
DA:131,1
DA:139,1
DA:146,1
DA:147,1
DA:155,1
DA:157,2
DA:159,1
DA:160,2
LF:60
LH:55
end_of_record
SF:lib\src\impl_ffi\impl_ffi.aescbc.dart
DA:19,1
DA:20,2
DA:22,1
DA:25,2
DA:30,0
DA:31,0
DA:33,1
DA:39,2
DA:40,5
DA:42,6
DA:45,2
DA:46,2
DA:47,0
DA:50,1
DA:51,3
DA:54,1
DA:55,1
DA:56,1
DA:64,1
DA:68,1
DA:69,2
DA:75,2
DA:77,2
DA:78,3
DA:79,3
DA:81,3
DA:82,1
DA:83,1
DA:85,1
DA:89,3
DA:90,1
DA:91,1
DA:98,1
DA:100,0
DA:105,1
DA:107,3
DA:109,1
DA:111,2
DA:113,1
DA:115,3
DA:117,1
DA:119,2
DA:121,1
DA:123,2
DA:125,1
DA:126,2
LF:46
LH:42
end_of_record
SF:lib\src\impl_ffi\impl_ffi.dart
DA:54,1
DA:56,1
DA:57,1
DA:68,1
LF:4
LH:4
end_of_record
SF:lib\src\impl_ffi\impl_ffi.aesctr.dart
DA:19,1
DA:20,2
DA:22,1
DA:25,2
DA:30,0
DA:31,0
DA:33,1
DA:34,0
DA:35,4
DA:38,4
DA:40,1
DA:43,1
DA:44,1
DA:45,4
DA:48,1
DA:49,3
DA:50,5
DA:55,1
DA:65,2
DA:66,3
DA:67,5
DA:69,6
DA:76,2
DA:79,1
DA:89,3
DA:93,2
DA:95,1
DA:96,3
DA:99,1
DA:100,1
DA:101,1
DA:109,1
DA:113,1
DA:114,2
DA:121,2
DA:123,2
DA:127,4
DA:128,2
DA:130,2
DA:132,2
DA:137,2
DA:142,1
DA:143,1
DA:144,4
DA:146,3
DA:153,1
DA:154,1
DA:156,1
DA:158,2
DA:159,1
DA:162,2
DA:164,3
DA:165,1
DA:166,0
DA:169,1
DA:171,1
DA:172,1
DA:173,1
DA:174,4
DA:175,1
DA:176,7
DA:180,3
DA:183,1
DA:184,1
DA:196,3
DA:197,1
DA:198,0
DA:205,1
DA:207,0
DA:212,1
DA:216,2
DA:217,0
DA:219,2
DA:220,0
DA:224,1
DA:230,1
DA:231,2
DA:232,1
DA:238,1
DA:244,1
DA:245,2
DA:248,1
DA:254,1
DA:255,2
DA:256,1
DA:262,1
DA:268,1
DA:269,2
DA:272,1
DA:274,2
DA:276,1
DA:277,2
LF:92
LH:84
end_of_record
SF:lib\src\impl_ffi\impl_ffi.aes_common.dart
DA:17,1
DA:18,2
DA:21,0
DA:23,4
DA:26,1
DA:29,1
DA:33,1
DA:35,1
DA:36,2
DA:38,3
DA:39,2
DA:40,4
DA:42,2
DA:43,2
DA:46,0
DA:48,5
DA:51,2
DA:52,1
DA:54,1
DA:55,3
DA:57,1
DA:63,1
DA:67,5
DA:68,2
DA:70,1
DA:73,1
DA:74,1
DA:75,1
DA:78,0
DA:79,0
DA:82,0
DA:84,0
DA:87,0
DA:88,0
LF:34
LH:26
end_of_record
SF:lib\src\impl_ffi\impl_ffi.ec_common.dart
DA:18,1
DA:19,1
DA:22,1
DA:25,1
DA:29,0
DA:33,1
DA:34,1
DA:37,1
DA:40,1
DA:44,0
DA:47,1
DA:48,1
DA:51,1
DA:54,1
DA:58,0
DA:62,1
DA:66,2
DA:67,5
DA:70,3
DA:71,3
DA:72,4
DA:74,3
DA:79,2
DA:80,4
DA:83,4
DA:84,3
DA:89,1
DA:93,2
DA:94,3
DA:95,3
DA:96,1
DA:97,1
DA:102,1
DA:106,2
DA:110,3
DA:111,3
DA:112,1
DA:114,1
DA:120,1
DA:127,1
DA:128,2
DA:131,1
DA:132,1
DA:135,1
DA:136,1
DA:140,1
DA:141,1
DA:145,1
DA:146,1
DA:151,1
DA:152,4
DA:154,2
DA:155,1
DA:157,4
DA:158,1
DA:163,2
DA:164,3
DA:165,3
DA:166,4
DA:169,3
DA:170,2
DA:174,1
DA:175,1
DA:176,1
DA:177,2
DA:178,1
DA:180,2
DA:181,1
DA:182,1
DA:183,1
DA:185,3
DA:186,4
DA:191,1
DA:192,2
DA:194,2
DA:195,2
DA:201,1
DA:202,4
DA:207,3
DA:210,1
DA:211,4
DA:217,1
DA:222,2
DA:224,3
DA:225,3
DA:226,4
DA:229,4
DA:230,3
DA:231,4
DA:234,1
DA:235,2
DA:236,2
DA:238,1
DA:239,1
DA:240,1
DA:245,3
DA:248,1
DA:249,4
DA:250,1
DA:256,1
DA:257,2
DA:258,3
DA:259,3
DA:260,4
DA:262,1
DA:263,1
DA:264,2
DA:266,2
DA:267,2
DA:269,1
DA:273,1
DA:277,1
DA:282,2
DA:283,3
DA:284,3
DA:285,4
DA:287,2
DA:288,3
DA:291,3
DA:293,1
DA:294,1
DA:296,3
DA:298,2
DA:301,1
DA:307,3
DA:308,1
DA:309,3
DA:310,1
DA:314,2
DA:315,3
DA:316,1
DA:319,1
DA:322,1
DA:323,1
DA:324,1
DA:325,1
DA:326,1
DA:330,1
DA:333,2
DA:334,3
DA:335,3
DA:336,4
DA:338,3
DA:340,1
DA:341,4
DA:343,3
DA:344,3
DA:345,4
DA:346,3
DA:348,2
DA:351,1
DA:352,4
DA:354,1
LF:153
LH:150
end_of_record
SF:lib\src\impl_ffi\impl_ffi.random.dart
DA:17,1
DA:18,2
DA:19,2
DA:20,1
DA:21,1
DA:24,1
DA:25,5
DA:26,3
LF:8
LH:8
end_of_record
SF:lib\src\impl_ffi\impl_ffi.rsa_common.dart
DA:17,1
DA:18,2
DA:19,3
DA:20,3
DA:21,1
DA:23,5
DA:26,3
DA:27,3
DA:28,4
DA:30,4
DA:36,1
DA:37,2
DA:38,3
DA:39,3
DA:40,1
DA:42,5
DA:45,3
DA:46,3
DA:47,4
DA:49,4
DA:55,1
DA:61,2
DA:62,1
DA:67,2
DA:69,3
DA:70,1
DA:71,3
DA:73,1
DA:75,1
DA:76,3
DA:78,1
DA:88,1
DA:89,1
DA:90,2
DA:91,1
DA:92,4
DA:96,1
DA:97,6
DA:98,2
DA:102,1
DA:104,2
DA:105,2
DA:106,2
DA:107,2
DA:108,4
DA:109,1
DA:110,1
DA:115,2
DA:116,2
DA:127,2
DA:128,2
DA:129,2
DA:130,2
DA:131,2
DA:132,2
DA:133,2
DA:134,2
DA:135,2
DA:136,2
DA:138,5
DA:139,1
DA:141,3
DA:142,1
DA:143,1
DA:145,3
DA:146,1
DA:147,1
DA:148,1
DA:157,3
DA:159,1
DA:160,4
DA:166,1
DA:172,2
DA:173,3
DA:174,3
DA:175,4
DA:177,1
DA:178,2
DA:180,3
DA:181,1
DA:182,5
DA:183,1
DA:189,3
DA:192,1
DA:196,2
DA:197,2
DA:198,1
DA:202,4
DA:209,2
DA:214,2
DA:216,1
DA:220,2
DA:221,2
DA:222,2
DA:223,2
DA:224,2
DA:225,2
DA:226,2
DA:227,2
DA:228,1
DA:232,1
DA:237,2
DA:238,0
DA:239,0
DA:242,2
DA:243,0
DA:244,0
DA:249,2
DA:250,2
DA:251,0
DA:254,2
DA:256,1
DA:258,1
DA:259,4
DA:260,3
DA:264,1
DA:268,1
DA:269,3
DA:270,2
DA:274,1
DA:275,5
DA:278,1
DA:279,5
DA:281,1
LF:124
LH:119
end_of_record
SF:lib\src\jsonwebkey.dart
DA:43,1
DA:64,1
DA:82,2
DA:83,3
DA:84,0
DA:88,1
DA:89,0
DA:90,0
DA:91,0
DA:94,0
DA:97,1
DA:98,0
DA:101,1
DA:102,0
DA:103,0
DA:105,0
DA:106,0
DA:107,0
DA:109,1
DA:110,1
DA:111,1
DA:113,1
DA:114,1
DA:115,1
DA:116,1
DA:117,1
DA:118,1
DA:119,1
DA:120,1
DA:121,1
DA:122,1
DA:123,1
DA:124,1
DA:125,1
DA:127,1
DA:131,1
DA:132,1
DA:135,1
DA:137,1
DA:139,1
DA:141,1
DA:143,1
DA:145,1
DA:147,1
DA:149,1
DA:151,1
DA:153,1
DA:155,1
DA:157,1
DA:159,1
DA:161,1
DA:163,1
DA:165,1
DA:167,1
DA:169,1
DA:171,1
DA:173,1
DA:175,1
DA:177,1
DA:179,1
DA:181,1
DA:183,1
DA:185,1
DA:187,1
DA:189,1
DA:191,1
DA:193,1
DA:197,1
DA:199,0
DA:201,1
DA:203,0
DA:205,1
DA:207,0
DA:225,0
DA:231,0
DA:232,0
DA:233,0
DA:234,0
DA:237,0
DA:238,0
DA:239,0
DA:240,0
DA:244,0
DA:245,0
DA:246,0
DA:247,0
DA:248,0
LF:87
LH:59
end_of_record
SF:lib\src\webcrypto\webcrypto.ecdsa.dart
DA:19,0
DA:21,1
DA:25,1
DA:28,1
DA:32,1
DA:35,1
DA:38,1
DA:55,0
DA:58,1
DA:62,1
DA:65,1
DA:69,1
DA:72,1
DA:76,1
LF:14
LH:12
end_of_record
SF:lib\src\webcrypto\webcrypto.ecdh.dart
DA:56,0
DA:91,1
DA:95,1
DA:150,1
DA:154,1
DA:179,0
DA:182,0
DA:236,0
DA:239,1
DA:243,1
DA:260,1
DA:264,1
DA:267,1
DA:271,1
LF:14
LH:10
end_of_record
SF:lib\src\webcrypto\webcrypto.hmac.dart
DA:53,0
DA:75,1
DA:82,0
DA:83,0
DA:86,0
DA:87,0
DA:95,1
DA:137,1
DA:168,1
DA:184,0
DA:185,0
DA:186,0
DA:189,0
LF:13
LH:4
end_of_record
SF:lib\src\webcrypto\webcrypto.rsapss.dart
DA:69,0
DA:104,1
DA:108,1
DA:151,1
DA:155,1
DA:206,1
DA:211,1
DA:422,0
DA:457,1
DA:461,1
DA:498,1
DA:502,1
LF:12
LH:10
end_of_record
SF:lib\src\webcrypto\webcrypto.pbkdf2.dart
DA:55,0
DA:62,1
DA:63,1
LF:3
LH:2
end_of_record
SF:lib\src\webcrypto\webcrypto.aesgcm.dart
DA:37,0
DA:69,1
DA:70,1
DA:105,1
DA:106,1
DA:125,0
DA:126,0
LF:7
LH:4
end_of_record
SF:lib\src\webcrypto\webcrypto.rsaoaep.dart
DA:77,0
DA:112,1
DA:116,1
DA:159,1
DA:163,1
DA:214,1
DA:219,1
DA:347,0
DA:382,1
DA:386,1
DA:423,1
DA:427,1
LF:12
LH:10
end_of_record
SF:lib\src\webcrypto\webcrypto.rsassapkcs1v15.dart
DA:63,0
DA:100,1
DA:104,1
DA:159,1
DA:163,1
DA:237,1
DA:243,1
DA:400,0
DA:435,1
DA:439,1
DA:476,1
DA:480,1
LF:12
LH:10
end_of_record
SF:lib\src\webcrypto\webcrypto.aesctr.dart
DA:33,0
DA:69,1
DA:70,1
DA:105,1
DA:106,1
DA:125,0
DA:126,0
LF:7
LH:4
end_of_record
SF:lib\src\webcrypto\webcrypto.digest.dart
DA:35,0
LF:1
LH:0
end_of_record
SF:lib\src\webcrypto\webcrypto.aescbc.dart
DA:39,0
DA:72,1
DA:73,1
DA:110,1
DA:111,1
DA:130,0
DA:131,0
LF:7
LH:4
end_of_record
SF:lib\src\webcrypto\webcrypto.dart
DA:54,0
LF:1
LH:0
end_of_record
SF:lib\src\webcrypto\webcrypto.hkdf.dart
DA:55,0
DA:62,1
DA:63,1
LF:3
LH:2
end_of_record
SF:lib\src\webcrypto\webcrypto.random.dart
DA:37,1
DA:44,2
DA:45,0
DA:49,1
LF:4
LH:3
end_of_record
SF:lib\src\testing\utils\testrunner.dart
DA:30,1
DA:31,1
DA:33,1
DA:34,1
DA:36,1
DA:37,1
DA:75,1
DA:95,1
DA:96,1
DA:97,1
DA:98,2
DA:99,2
DA:100,2
DA:102,2
DA:103,2
DA:104,2
DA:106,2
DA:107,2
DA:108,2
DA:109,2
DA:110,2
DA:111,1
DA:112,2
DA:113,2
DA:115,2
DA:116,2
DA:120,1
DA:121,1
DA:122,1
DA:123,1
DA:124,2
DA:125,2
DA:126,1
DA:127,2
DA:128,2
DA:129,1
DA:130,2
DA:131,2
DA:132,2
DA:133,2
DA:134,1
DA:135,1
DA:136,1
DA:137,1
DA:138,1
DA:139,2
DA:223,1
DA:260,1
DA:309,1
DA:310,1
DA:314,1
DA:340,1
DA:374,1
DA:394,1
DA:403,0
DA:404,0
DA:405,0
DA:417,1
DA:422,2
DA:423,2
DA:424,2
DA:431,1
DA:433,4
DA:434,4
DA:436,1
DA:437,2
DA:441,4
DA:442,4
DA:444,1
DA:445,2
DA:449,2
DA:450,1
DA:451,0
DA:453,1
DA:455,2
DA:456,2
DA:457,2
DA:460,2
DA:461,1
DA:462,0
DA:466,1
DA:467,3
DA:469,1
DA:470,3
DA:472,1
DA:473,3
DA:475,1
DA:476,3
DA:478,1
DA:479,3
DA:481,1
DA:482,3
DA:486,2
DA:487,1
DA:489,1
DA:491,0
DA:497,0
DA:509,0
DA:510,0
DA:511,0
DA:512,0
DA:514,0
DA:515,0
DA:516,0
DA:517,0
DA:518,0
DA:519,0
DA:522,0
DA:523,0
DA:524,0
DA:525,0
DA:526,0
DA:527,0
DA:529,0
DA:534,0
DA:536,0
DA:537,0
DA:538,0
DA:545,0
DA:547,0
DA:548,0
DA:549,0
DA:557,0
DA:559,0
DA:560,0
DA:561,0
DA:563,0
DA:565,0
DA:566,0
DA:573,0
DA:574,0
DA:575,0
DA:578,0
DA:580,0
DA:582,0
DA:583,0
DA:584,0
DA:586,0
DA:601,0
DA:602,0
DA:603,0
DA:605,0
DA:614,1
DA:617,1
DA:618,1
DA:619,2
DA:620,1
DA:622,2
DA:623,1
DA:625,3
DA:626,1
DA:628,1
DA:639,1
DA:644,1
DA:645,1
DA:646,2
DA:647,1
DA:648,0
DA:650,1
DA:651,1
DA:657,1
DA:661,1
DA:662,1
DA:663,1
DA:664,1
DA:665,1
DA:666,1
DA:669,1
DA:670,1
DA:671,1
DA:672,1
DA:676,1
DA:677,1
DA:682,1
DA:683,1
DA:684,3
DA:687,1
DA:688,3
DA:691,2
DA:692,4
DA:693,4
DA:694,4
DA:695,1
DA:696,2
DA:698,1
DA:699,2
DA:701,1
DA:702,2
DA:704,1
DA:705,2
DA:709,3
DA:710,3
DA:711,3
DA:712,3
DA:713,3
DA:714,3
DA:717,1
DA:722,1
DA:724,3
DA:727,1
DA:741,1
DA:742,2
DA:743,3
DA:744,2
DA:745,2
DA:746,1
DA:747,1
DA:750,2
DA:752,1
DA:753,2
DA:754,1
DA:755,1
DA:757,1
DA:758,1
DA:759,2
DA:760,1
DA:761,1
DA:763,1
DA:764,1
DA:765,2
DA:766,1
DA:767,1
DA:769,1
DA:771,0
DA:775,1
DA:778,1
DA:779,2
DA:780,1
DA:781,1
DA:783,1
DA:784,1
DA:785,2
DA:786,1
DA:787,1
DA:789,1
DA:790,0
DA:791,0
DA:792,0
DA:793,0
DA:795,0
DA:797,0
DA:807,1
DA:808,1
DA:809,1
DA:811,2
DA:812,2
DA:814,1
DA:815,1
DA:820,2
DA:821,1
DA:822,2
DA:825,1
DA:826,1
DA:836,1
DA:837,1
DA:838,1
DA:840,2
DA:841,2
DA:843,1
DA:844,1
DA:849,2
DA:850,2
DA:853,1
DA:855,3
DA:864,1
DA:865,1
DA:866,1
DA:868,0
DA:869,0
DA:870,0
DA:873,0
DA:874,0
DA:879,2
DA:880,2
DA:881,1
DA:884,1
DA:885,1
DA:887,1
DA:888,1
DA:897,1
DA:898,1
DA:899,1
DA:900,4
DA:903,1
DA:904,2
DA:906,1
DA:907,1
DA:908,1
DA:912,2
DA:913,1
DA:914,2
DA:917,2
DA:918,1
DA:926,1
DA:927,3
DA:928,3
DA:930,1
DA:934,2
DA:936,1
DA:937,1
DA:939,1
DA:940,2
DA:943,1
DA:944,3
DA:950,1
DA:951,1
DA:952,2
DA:953,1
DA:957,1
DA:958,1
DA:959,2
DA:960,1
DA:964,1
DA:965,1
DA:966,2
DA:967,2
DA:971,1
DA:972,1
DA:973,1
DA:974,1
DA:976,1
DA:977,2
DA:979,1
DA:980,1
DA:982,1
DA:984,1
DA:985,2
DA:986,1
DA:989,1
DA:990,1
DA:992,1
DA:997,1
DA:998,1
DA:999,1
DA:1000,2
DA:1002,1
DA:1003,1
DA:1005,1
DA:1007,1
DA:1008,1
DA:1010,1
DA:1011,2
DA:1012,1
DA:1015,1
DA:1016,1
DA:1018,1
DA:1024,1
DA:1025,3
DA:1027,2
DA:1028,2
DA:1029,1
DA:1030,1
DA:1032,1
DA:1036,1
DA:1037,3
DA:1039,2
DA:1040,2
DA:1041,1
DA:1042,1
DA:1044,1
DA:1048,1
DA:1049,3
DA:1051,2
DA:1052,2
DA:1053,1
DA:1054,1
DA:1056,1
DA:1062,1
DA:1063,2
DA:1064,2
DA:1065,1
DA:1066,1
DA:1068,1
DA:1072,1
DA:1073,2
DA:1074,2
DA:1075,1
DA:1076,1
DA:1078,1
DA:1082,1
DA:1083,2
DA:1084,2
DA:1085,1
DA:1086,1
DA:1088,1
DA:1094,1
DA:1095,2
DA:1096,2
DA:1098,1
DA:1099,1
DA:1101,1
DA:1105,1
DA:1106,2
DA:1107,2
DA:1109,2
DA:1110,1
DA:1112,1
DA:1115,2
DA:1116,2
DA:1118,2
DA:1119,1
DA:1121,1
DA:1127,1
DA:1128,2
DA:1129,1
DA:1130,2
DA:1133,1
DA:1134,1
DA:1139,1
DA:1140,2
DA:1142,1
DA:1143,1
DA:1144,1
DA:1149,2
DA:1150,1
DA:1151,2
DA:1154,2
DA:1155,1
DA:1163,1
DA:1164,2
DA:1165,1
DA:1166,2
DA:1169,2
DA:1170,1
DA:1175,1
DA:1176,2
DA:1178,1
DA:1179,2
DA:1180,1
DA:1185,2
DA:1186,1
DA:1187,2
DA:1190,3
DA:1191,1
DA:1198,2
DA:1199,1
DA:1200,2
DA:1203,2
DA:1204,1
DA:1209,1
DA:1210,2
DA:1212,1
DA:1213,2
DA:1214,1
DA:1219,2
DA:1220,1
DA:1221,2
DA:1224,3
DA:1225,1
DA:1235,1
DA:1236,2
DA:1237,2
DA:1239,1
DA:1240,1
DA:1242,1
DA:1246,1
DA:1247,2
DA:1248,3
DA:1250,2
DA:1251,1
DA:1253,1
DA:1256,2
DA:1257,3
DA:1259,2
DA:1260,1
DA:1262,1
DA:1268,1
DA:1269,2
DA:1270,2
DA:1273,1
DA:1275,1
DA:1276,2
DA:1280,1
DA:1284,2
DA:1286,1
DA:1287,1
DA:1289,1
DA:1290,2
DA:1293,1
DA:1294,3
DA:1300,1
DA:1301,2
DA:1302,3
DA:1304,1
DA:1305,1
DA:1307,1
DA:1308,2
DA:1312,1
DA:1316,3
DA:1318,2
DA:1319,1
DA:1321,1
DA:1322,2
DA:1325,1
DA:1326,3
DA:1331,2
DA:1332,3
DA:1334,1
DA:1335,1
DA:1337,1
DA:1338,2
DA:1342,1
DA:1346,3
DA:1348,2
DA:1349,1
DA:1351,1
DA:1352,2
DA:1355,1
DA:1356,3
DA:1363,1
DA:1364,2
DA:1365,2
DA:1366,1
DA:1369,1
DA:1370,1
DA:1372,1
DA:1377,1
DA:1378,2
DA:1379,2
DA:1380,2
DA:1382,3
DA:1383,1
DA:1387,1
DA:1388,2
DA:1389,2
DA:1390,2
DA:1392,3
DA:1393,1
DA:1397,1
DA:1398,2
DA:1399,2
DA:1400,2
DA:1402,3
DA:1403,1
DA:1409,1
DA:1410,3
DA:1412,2
DA:1413,2
DA:1414,2
DA:1416,3
DA:1417,1
DA:1421,1
DA:1422,3
DA:1424,2
DA:1425,2
DA:1426,2
DA:1428,3
DA:1429,1
DA:1433,1
DA:1434,3
DA:1436,2
DA:1437,2
DA:1438,2
DA:1440,3
DA:1441,1
DA:1447,1
DA:1448,2
DA:1449,1
DA:1450,1
DA:1452,4
DA:1453,1
DA:1454,3
DA:1456,1
DA:1457,1
DA:1458,1
DA:1459,1
DA:1460,1
DA:1461,1
DA:1463,2
DA:1465,2
DA:1466,1
DA:1467,1
DA:1468,1
DA:1472,1
DA:1473,1
DA:1474,1
DA:1475,1
DA:1476,1
DA:1480,1
DA:1484,2
LF:580
LH:515
end_of_record
SF:lib\src\testing\webcrypto\aescbc.dart
DA:19,3
DA:21,1
DA:22,1
DA:23,2
DA:26,1
DA:27,1
DA:28,2
DA:29,0
DA:30,0
DA:32,1
DA:33,2
DA:34,1
DA:35,2
DA:36,1
DA:37,2
DA:38,1
DA:39,2
DA:40,1
DA:43,0
DA:44,0
DA:45,0
DA:46,0
DA:47,0
DA:48,0
DA:49,0
DA:53,0
DA:55,0
DA:60,3
DA:61,1
DA:64,1
DA:74,1
DA:75,1
DA:77,1
DA:80,1
DA:89,1
DA:90,1
DA:92,1
DA:95,1
DA:103,1
DA:104,1
DA:106,1
DA:109,1
DA:119,1
DA:120,1
DA:122,1
DA:125,1
DA:132,1
DA:133,1
DA:135,1
DA:138,1
DA:146,1
DA:147,1
LF:52
LH:41
end_of_record
SF:lib\src\testing\webcrypto\aesctr.dart
DA:22,3
DA:24,1
DA:25,1
DA:26,2
DA:29,1
DA:30,1
DA:31,2
DA:32,0
DA:33,0
DA:35,2
DA:37,1
DA:38,1
DA:40,2
DA:42,1
DA:43,1
DA:45,2
DA:47,1
DA:48,1
DA:50,2
DA:52,1
DA:53,1
DA:55,1
DA:58,0
DA:59,0
DA:60,0
DA:61,0
DA:62,0
DA:63,0
DA:64,0
DA:69,0
DA:71,0
DA:76,3
DA:77,1
DA:80,1
DA:88,1
DA:89,1
DA:94,1
DA:97,1
DA:106,1
DA:107,1
DA:112,1
DA:115,1
DA:123,1
DA:124,1
DA:129,1
DA:132,1
DA:140,1
DA:141,1
DA:143,1
DA:146,1
DA:155,1
DA:156,1
DA:160,3
DA:163,3
DA:164,1
DA:168,1
DA:178,1
DA:179,1
DA:181,1
DA:185,1
DA:194,1
DA:195,1
LF:62
LH:51
end_of_record
SF:lib\src\testing\webcrypto\aesgcm.dart
DA:19,3
DA:21,1
DA:22,1
DA:23,2
DA:26,1
DA:27,1
DA:28,2
DA:29,0
DA:30,0
DA:32,2
DA:34,1
DA:35,1
DA:36,1
DA:39,2
DA:41,1
DA:42,1
DA:43,1
DA:46,1
DA:49,0
DA:50,0
DA:51,0
DA:52,0
DA:53,0
DA:54,0
DA:55,0
DA:56,0
DA:63,0
DA:65,0
DA:70,3
DA:71,1
DA:75,1
DA:85,1
DA:86,1
DA:88,1
DA:91,1
DA:98,1
DA:99,1
DA:101,1
DA:104,1
DA:111,1
DA:112,1
DA:114,1
DA:117,1
DA:125,1
DA:126,1
DA:132,1
DA:135,1
DA:144,1
DA:145,1
DA:151,1
DA:154,1
DA:161,1
DA:162,1
DA:168,1
DA:171,1
DA:180,1
DA:181,1
DA:187,1
DA:190,1
DA:198,1
DA:199,1
DA:205,1
DA:208,1
DA:217,1
DA:218,1
LF:65
LH:53
end_of_record
SF:lib\src\testing\webcrypto\ecdh.dart
DA:27,0
DA:30,3
DA:34,1
DA:35,2
DA:36,2
DA:37,1
DA:38,1
DA:39,1
DA:40,2
DA:41,1
DA:42,2
DA:43,2
DA:44,1
DA:45,2
DA:46,2
DA:47,1
DA:48,1
DA:49,1
DA:50,2
DA:51,0
DA:54,0
DA:57,0
DA:60,0
DA:61,0
DA:62,0
DA:65,3
DA:67,1
DA:69,1
DA:72,0
DA:73,0
DA:74,0
DA:75,0
DA:76,0
DA:77,0
DA:80,0
DA:82,0
DA:87,3
DA:88,1
DA:92,1
DA:103,1
DA:111,1
DA:112,1
DA:114,1
DA:118,1
DA:129,1
DA:137,1
DA:138,1
DA:140,1
DA:142,1
DA:153,1
DA:161,1
DA:162,1
DA:167,3
DA:172,3
DA:173,1
DA:177,1
DA:191,1
DA:202,1
DA:203,1
DA:205,1
DA:209,1
DA:223,1
DA:234,1
DA:235,1
DA:237,1
DA:239,1
DA:253,1
DA:264,1
DA:265,1
LF:69
LH:54
end_of_record
SF:lib\src\testing\webcrypto\ecdsa.dart
DA:19,3
DA:23,1
DA:24,2
DA:25,2
DA:26,1
DA:27,1
DA:28,1
DA:29,2
DA:30,1
DA:31,2
DA:32,2
DA:33,1
DA:34,2
DA:35,2
DA:36,1
DA:37,1
DA:38,1
DA:39,2
DA:40,2
DA:41,1
DA:43,1
DA:44,2
DA:45,1
DA:46,2
DA:47,1
DA:48,2
DA:49,1
DA:50,2
DA:51,1
DA:54,0
DA:55,0
DA:56,0
DA:57,0
DA:58,0
DA:59,0
DA:62,0
DA:65,0
DA:70,3
DA:71,1
DA:73,1
DA:76,1
DA:77,1
DA:79,1
DA:85,1
DA:97,1
DA:108,1
DA:109,1
DA:111,1
DA:117,1
DA:128,1
DA:138,1
DA:139,1
LF:52
LH:44
end_of_record
SF:lib\src\testing\webcrypto\hkdf.dart
DA:26,1
DA:29,3
DA:31,1
DA:32,1
DA:33,1
DA:38,2
DA:43,0
DA:44,0
DA:45,0
DA:46,0
DA:47,0
DA:51,3
DA:53,1
DA:54,1
DA:55,1
DA:57,1
DA:60,0
DA:61,0
DA:62,0
DA:63,0
DA:64,0
DA:65,0
DA:66,0
DA:67,0
DA:68,0
DA:73,0
DA:75,0
DA:80,3
DA:81,1
DA:88,1
DA:89,1
DA:96,1
DA:103,1
DA:104,1
DA:111,1
DA:118,1
DA:119,1
DA:126,1
DA:132,1
DA:133,1
DA:139,1
DA:145,1
DA:146,1
DA:152,1
DA:158,1
DA:159,1
LF:46
LH:30
end_of_record
SF:lib\src\testing\webcrypto\hmac.dart
DA:19,3
DA:21,1
DA:22,2
DA:23,2
DA:26,1
DA:27,1
DA:28,1
DA:29,2
DA:30,0
DA:31,0
DA:32,0
DA:34,2
DA:35,2
DA:36,1
DA:37,1
DA:38,1
DA:39,1
DA:40,1
DA:43,0
DA:44,0
DA:45,0
DA:46,0
DA:47,0
DA:48,0
DA:51,0
DA:53,0
DA:58,3
DA:59,1
DA:62,1
DA:70,1
DA:71,1
DA:73,1
DA:77,1
DA:86,1
DA:87,1
DA:89,1
DA:93,1
DA:102,1
DA:103,1
DA:105,1
DA:109,1
DA:120,1
DA:121,1
DA:123,1
DA:127,1
DA:136,1
DA:137,1
DA:139,1
DA:143,1
DA:152,1
DA:153,1
DA:155,1
DA:158,1
DA:168,1
DA:169,1
DA:171,1
DA:174,1
DA:178,1
DA:179,1
DA:181,1
DA:184,1
DA:188,1
DA:189,1
LF:63
LH:52
end_of_record
SF:lib\src\testing\webcrypto\pbkdf2.dart
DA:26,1
DA:29,3
DA:31,1
DA:32,1
DA:33,1
DA:38,2
DA:43,0
DA:44,0
DA:45,0
DA:46,0
DA:47,0
DA:51,3
DA:53,1
DA:54,1
DA:55,1
DA:57,1
DA:60,0
DA:61,0
DA:62,0
DA:63,0
DA:64,0
DA:65,0
DA:66,0
DA:67,0
DA:73,0
DA:75,0
DA:82,3
DA:83,1
DA:89,1
DA:90,1
DA:96,1
DA:102,1
DA:103,1
DA:109,1
DA:115,1
DA:116,1
DA:122,1
DA:129,1
DA:130,1
DA:137,1
DA:143,1
DA:144,1
DA:151,1
DA:158,1
DA:159,1
DA:166,1
DA:173,1
DA:174,1
DA:180,1
DA:186,1
DA:187,1
DA:193,1
DA:200,1
DA:201,1
LF:54
LH:39
end_of_record
SF:lib\src\testing\webcrypto\rsaoaep.dart
DA:19,3
DA:23,1
DA:24,2
DA:25,2
DA:26,1
DA:27,1
DA:28,1
DA:29,2
DA:32,1
DA:33,2
DA:34,2
DA:35,1
DA:36,1
DA:37,1
DA:38,2
DA:39,2
DA:40,1
DA:41,2
DA:42,1
DA:44,2
DA:46,1
DA:48,2
DA:50,1
DA:52,1
DA:55,0
DA:59,3
DA:60,1
DA:62,1
DA:68,1
DA:69,1
DA:71,1
DA:73,1
DA:79,1
DA:80,1
DA:84,1
DA:86,1
DA:92,1
DA:93,1
DA:97,1
DA:99,1
DA:105,1
DA:106,1
DA:108,1
DA:110,1
DA:116,1
DA:117,1
DA:121,1
DA:124,3
DA:125,1
DA:129,1
DA:151,1
DA:162,1
DA:163,1
DA:165,1
DA:169,1
DA:191,1
DA:202,1
DA:203,1
DA:207,1
DA:211,1
DA:233,1
DA:244,1
DA:245,1
DA:249,1
DA:253,1
DA:275,1
DA:286,1
DA:287,1
DA:289,1
DA:293,1
DA:315,1
DA:326,1
DA:327,1
DA:331,1
DA:335,1
DA:356,1
DA:366,1
DA:367,1
DA:369,1
DA:373,1
DA:394,1
DA:404,1
DA:405,1
DA:407,1
DA:411,1
DA:432,1
DA:442,1
DA:443,1
DA:447,1
DA:451,1
DA:472,1
DA:482,1
DA:483,1
DA:487,1
DA:491,1
DA:512,1
DA:522,1
DA:523,1
DA:527,1
DA:531,1
DA:552,1
DA:562,1
DA:563,1
DA:565,1
DA:569,1
DA:590,1
DA:600,1
DA:601,1
DA:605,1
DA:609,1
DA:630,1
DA:640,1
DA:641,1
DA:645,1
DA:649,1
DA:670,1
DA:680,1
DA:681,1
DA:683,1
DA:687,1
DA:708,1
DA:718,1
DA:719,1
LF:123
LH:122
end_of_record
SF:lib\src\testing\webcrypto\rsapss.dart
DA:20,3
DA:24,1
DA:25,2
DA:26,2
DA:27,1
DA:28,1
DA:29,1
DA:30,2
DA:33,1
DA:34,2
DA:35,2
DA:36,1
DA:37,1
DA:38,1
DA:39,2
DA:40,2
DA:41,1
DA:42,2
DA:43,1
DA:45,1
DA:46,2
DA:47,1
DA:48,2
DA:49,1
DA:50,2
DA:51,1
DA:52,2
DA:53,1
DA:56,0
DA:60,3
DA:61,1
DA:63,1
DA:70,1
DA:71,1
DA:73,1
DA:75,1
DA:82,1
DA:83,1
DA:85,1
DA:87,1
DA:94,1
DA:95,1
DA:97,1
DA:99,1
DA:106,1
DA:107,1
DA:110,1
DA:131,3
DA:134,3
DA:135,1
DA:139,1
DA:161,1
DA:173,1
DA:174,1
DA:176,1
DA:180,1
DA:202,1
DA:214,1
DA:215,1
DA:217,1
DA:221,1
DA:243,1
DA:255,1
DA:256,1
DA:258,1
DA:262,1
DA:284,1
DA:296,1
DA:297,1
DA:299,1
DA:303,1
DA:324,1
DA:335,1
DA:336,1
DA:338,1
DA:342,1
DA:363,1
DA:374,1
DA:375,1
DA:377,1
DA:381,1
DA:402,1
DA:413,1
DA:414,1
DA:416,1
DA:420,1
DA:441,1
DA:452,1
DA:453,1
DA:455,1
DA:459,1
DA:480,1
DA:491,1
DA:492,1
DA:494,1
DA:498,1
DA:519,1
DA:530,1
DA:531,1
DA:533,1
DA:537,1
DA:558,1
DA:569,1
DA:570,1
DA:572,1
DA:576,1
DA:597,1
DA:608,1
DA:609,1
DA:613,3
DA:614,1
DA:620,1
DA:643,1
DA:655,1
DA:656,1
DA:658,1
DA:664,1
DA:686,1
DA:696,1
DA:697,1
DA:699,1
DA:705,1
DA:727,1
DA:737,1
DA:738,1
DA:740,1
DA:746,1
DA:769,1
DA:780,1
DA:781,1
DA:783,1
DA:789,1
DA:811,1
DA:822,1
DA:823,1
DA:825,1
DA:831,1
DA:853,1
DA:864,1
DA:865,1
LF:140
LH:139
end_of_record
SF:lib\src\testing\webcrypto\rsassapkcs1v15.dart
DA:19,2
DA:20,1
DA:24,1
DA:25,1
DA:26,1
DA:27,2
DA:28,1
DA:29,1
DA:30,1
DA:31,2
DA:34,1
DA:35,1
DA:36,1
DA:37,2
DA:38,1
DA:39,1
DA:40,1
DA:41,2
DA:42,1
DA:43,1
DA:44,1
DA:45,2
DA:46,1
DA:48,2
DA:49,2
DA:50,1
DA:51,1
DA:52,1
DA:53,1
DA:54,1
DA:57,0
DA:61,3
DA:62,1
DA:64,1
DA:70,1
DA:71,1
DA:73,1
DA:75,1
DA:81,1
DA:82,1
DA:84,1
DA:86,1
DA:92,1
DA:93,1
DA:95,1
DA:98,3
DA:99,1
DA:103,1
DA:125,1
DA:136,1
DA:137,1
DA:139,1
DA:143,1
DA:165,1
DA:176,1
DA:177,1
DA:179,1
DA:183,1
DA:205,1
DA:216,1
DA:217,1
DA:219,1
DA:223,1
DA:244,1
DA:254,1
DA:255,1
DA:257,1
DA:261,1
DA:282,1
DA:292,1
DA:293,1
DA:295,1
DA:299,1
DA:320,1
DA:330,1
DA:331,1
DA:333,1
DA:337,1
DA:358,1
DA:368,1
DA:369,1
DA:371,1
DA:375,1
DA:396,1
DA:406,1
DA:407,1
DA:409,1
DA:413,1
DA:434,1
DA:444,1
DA:445,1
LF:91
LH:90
end_of_record
SF:lib\src\testing\webcrypto\random.dart
DA:19,1
DA:20,6
DA:23,1
DA:24,6
DA:27,0
DA:30,1
DA:31,1
DA:32,2
DA:37,2
DA:38,2
DA:39,1
DA:40,1
DA:41,1
DA:44,2
DA:45,2
DA:46,1
DA:47,1
DA:48,1
DA:51,2
DA:52,2
DA:53,1
DA:54,1
DA:55,1
DA:58,2
DA:59,2
DA:60,1
DA:61,1
DA:62,1
DA:65,2
DA:66,2
DA:67,1
DA:68,1
DA:69,1
DA:72,2
DA:73,2
DA:74,1
DA:75,1
DA:76,1
DA:79,2
DA:80,2
DA:81,1
DA:82,1
DA:83,1
LF:43
LH:42
end_of_record
SF:lib\src\testing\webcrypto\digest.dart
DA:21,1
DA:22,2
DA:25,0
DA:28,1
DA:32,1
DA:33,2
DA:38,2
DA:39,2
DA:40,1
DA:41,2
DA:44,2
DA:45,2
DA:46,1
DA:47,2
DA:50,2
DA:51,2
DA:52,1
DA:53,2
DA:57,2
DA:58,2
DA:59,1
DA:60,2
DA:65,2
DA:67,2
DA:68,1
DA:69,2
DA:70,2
DA:71,1
DA:72,3
DA:76,2
DA:78,2
DA:79,1
DA:80,2
DA:81,2
DA:82,1
DA:83,3
DA:87,2
DA:89,2
DA:90,1
DA:91,2
DA:93,2
DA:94,1
DA:95,3
DA:99,2
DA:101,2
DA:102,1
DA:103,2
DA:106,2
DA:107,1
DA:108,3
LF:50
LH:49
end_of_record
SF:lib\src\testing\utils\detected_runtime.dart
DA:28,3
DA:34,3
LF:2
LH:2
end_of_record
SF:lib\src\testing\utils\detected_runtime_stub.dart
DA:17,3
LF:1
LH:1
end_of_record
SF:lib\src\testing\utils\err_stack_ffi.dart
DA:24,1
DA:26,2
DA:31,1
DA:32,3
DA:35,0
DA:36,0
DA:42,0
DA:43,0
DA:46,0
DA:48,0
DA:51,0
LF:11
LH:4
end_of_record
SF:lib\src\testing\utils\utils.dart
DA:22,0
DA:31,1
DA:34,0
DA:35,0
DA:36,0
DA:41,1
DA:43,0
DA:49,0
DA:51,0
DA:52,0
DA:55,0
DA:57,0
DA:62,0
DA:66,0
DA:68,0
DA:74,4
DA:77,1
DA:78,1
DA:79,2
DA:80,1
DA:82,1
DA:85,1
DA:86,1
DA:87,1
DA:89,1
DA:92,1
DA:95,1
DA:98,1
DA:101,0
DA:104,0
DA:105,0
DA:108,0
DA:111,0
DA:114,0
DA:117,0
DA:120,0
DA:121,0
DA:124,0
DA:127,0
DA:130,0
DA:133,1
DA:134,1
DA:135,1
DA:137,1
DA:140,1
DA:143,1
DA:146,0
DA:149,1
DA:150,1
DA:151,2
DA:156,0
DA:158,0
DA:166,1
DA:167,5
LF:54
LH:26
end_of_record
SF:lib\src\testing\utils\ffibonacci_chunked_stream.dart
DA:16,1
DA:17,1
DA:18,0
DA:20,1
DA:23,5
DA:30,1
DA:32,1
DA:33,2
DA:34,2
DA:35,1
DA:36,1
DA:40,1
DA:42,0
DA:43,0
LF:14
LH:11
end_of_record
